[2015-12-03T14:54:26Z]	MSG: Do not need filament r	(application/helpers/printerstate_helper.php 1002)
[2015-12-03T14:54:36Z]	DBG: change temperature: perl /var/www/bin/gcdaemon/gcdaemon.pl  -r 205 -rr 195 -l 235 -ll 230 -f /tmp/_sliced_model.gcode > /tmp/_sliced_model.gcode.new	(application/helpers/printer_helper.php 1134)
[2015-12-03T14:54:38Z]	MSG: Do not need filament l	(application/helpers/printerstate_helper.php 1002)
[2015-12-03T14:55:42Z]	MSG: camera already open	(application/helpers/zimapi_helper.php 963)
[2015-12-03T15:08:57Z]	MSG: camera already open	(application/helpers/zimapi_helper.php 963)
[2015-12-03T15:10:11Z]	MSG: call get out pause when not in pause	(application/helpers/corestatus_helper.php 751)
[2015-12-03T15:10:11Z]	MSG: not in canceling when checking cancel status	(application/helpers/printer_helper.php 796)
[2015-12-08T16:02:11Z]	MSG: Do not need filament r	(application/helpers/printerstate_helper.php 1002)
[2015-12-08T16:02:34Z]	DBG: change temperature: perl /var/www/bin/gcdaemon/gcdaemon.pl  -r 212 -rr 202 -l 235 -ll 230 -f /tmp/_sliced_model.gcode > /tmp/_sliced_model.gcode.new	(application/helpers/printer_helper.php 1134)
[2015-12-08T16:02:36Z]	MSG: Do not need filament l	(application/helpers/printerstate_helper.php 1002)
[2015-12-08T16:03:40Z]	MSG: camera already open	(application/helpers/zimapi_helper.php 963)
[2015-12-08T16:11:20Z]	MSG: camera already open	(application/helpers/zimapi_helper.php 963)
[2015-12-08T16:12:35Z]	MSG: call get out pause when not in pause	(application/helpers/corestatus_helper.php 751)
[2015-12-08T16:12:35Z]	MSG: not in canceling when checking cancel status	(application/helpers/printer_helper.php 796)
[2015-12-08T16:16:30Z]	MSG: Do not need filament r	(application/helpers/printerstate_helper.php 1002)
[2015-12-08T16:16:46Z]	DBG: change extruder: perl /var/www/bin/gcdaemon/gcdaemon.pl  -c  -f /tmp/_sliced_model.gcode > /tmp/_sliced_model.gcode.new	(application/helpers/printer_helper.php 992)
[2015-12-08T16:16:47Z]	DBG: change temperature: perl /var/www/bin/gcdaemon/gcdaemon.pl  -r 235 -rr 230 -l 214 -ll 204 -f /tmp/_sliced_model.gcode.new > /tmp/_sliced_model.gcode.new.new	(application/helpers/printer_helper.php 1134)
[2015-12-08T16:16:48Z]	MSG: Do not need filament r	(application/helpers/printerstate_helper.php 1002)
[2015-12-08T16:24:57Z]	MSG: camera already open	(application/helpers/zimapi_helper.php 963)
[2015-12-08T16:26:11Z]	MSG: call get out pause when not in pause	(application/helpers/corestatus_helper.php 751)
[2015-12-08T16:26:11Z]	MSG: not in canceling when checking cancel status	(application/helpers/printer_helper.php 796)
[2015-12-08T16:27:09Z]	DBG: change extruder: perl /var/www/bin/gcdaemon/gcdaemon.pl  -c  -f /tmp/_sliced_model.gcode > /tmp/_sliced_model.gcode.new	(application/helpers/printer_helper.php 992)
[2015-12-08T16:27:10Z]	DBG: change temperature: perl /var/www/bin/gcdaemon/gcdaemon.pl  -r 235 -rr 230 -l 214 -ll 204 -f /tmp/_sliced_model.gcode.new > /tmp/_sliced_model.gcode.new.new	(application/helpers/printer_helper.php 1134)
[2015-12-08T16:27:11Z]	MSG: Do not need filament r	(application/helpers/printerstate_helper.php 1002)
[2015-12-08T16:31:19Z]	MSG: camera already open	(application/helpers/zimapi_helper.php 963)
[2015-12-08T16:32:33Z]	MSG: call get out pause when not in pause	(application/helpers/corestatus_helper.php 751)
[2015-12-08T16:32:33Z]	MSG: not in canceling when checking cancel status	(application/helpers/printer_helper.php 796)
[2015-12-10T15:52:23Z]	MSG: Do not need filament r	(application/helpers/printerstate_helper.php 1002)
[2015-12-10T15:52:55Z]	DBG: change temperature: perl /var/www/bin/gcdaemon/gcdaemon.pl  -r 212 -rr 202 -l 235 -ll 230 -f /tmp/_sliced_model.gcode > /tmp/_sliced_model.gcode.new	(application/helpers/printer_helper.php 1134)
[2015-12-10T15:52:55Z]	MSG: Do not need filament l	(application/helpers/printerstate_helper.php 1002)
[2015-12-10T16:00:30Z]	MSG: camera already open	(application/helpers/zimapi_helper.php 963)
[2015-12-10T16:01:49Z]	MSG: call get out pause when not in pause	(application/helpers/corestatus_helper.php 751)
[2015-12-10T16:01:49Z]	MSG: not in canceling when checking cancel status	(application/helpers/printer_helper.php 796)
[2015-12-10T16:03:55Z]	DBG: change temperature: perl /var/www/bin/gcdaemon/gcdaemon.pl  -r 212 -rr 202 -l 235 -ll 230 -f /tmp/_sliced_model.gcode > /tmp/_sliced_model.gcode.new	(application/helpers/printer_helper.php 1134)
[2015-12-10T16:03:56Z]	MSG: Do not need filament l	(application/helpers/printerstate_helper.php 1002)
[2015-12-10T16:09:30Z]	MSG: camera already open	(application/helpers/zimapi_helper.php 963)
[2015-12-10T16:10:44Z]	MSG: call get out pause when not in pause	(application/helpers/corestatus_helper.php 751)
[2015-12-10T16:10:44Z]	MSG: not in canceling when checking cancel status	(application/helpers/printer_helper.php 796)
[2015-12-10T16:48:49Z]	MSG: Do not need filament r	(application/helpers/printerstate_helper.php 1002)
[2015-12-10T16:49:02Z]	DBG: change temperature: perl /var/www/bin/gcdaemon/gcdaemon.pl  -r 205 -rr 195 -l 235 -ll 230 -f /tmp/_sliced_model.gcode > /tmp/_sliced_model.gcode.new	(application/helpers/printer_helper.php 1134)
[2015-12-10T16:49:03Z]	MSG: Do not need filament l	(application/helpers/printerstate_helper.php 1002)
[2015-12-10T17:06:28Z]	MSG: camera already open	(application/helpers/zimapi_helper.php 963)
[2015-12-10T17:07:43Z]	MSG: call get out pause when not in pause	(application/helpers/corestatus_helper.php 751)
[2015-12-10T17:07:43Z]	MSG: not in canceling when checking cancel status	(application/helpers/printer_helper.php 796)
[2015-12-15T19:15:56Z]	MSG: camera already open	(application/helpers/zimapi_helper.php 963)
[2015-12-16T17:58:02Z]	MSG: camera already open	(application/helpers/zimapi_helper.php 963)
[2015-12-24T19:14:22Z]	MSG: Do not need filament r	(application/helpers/printerstate_helper.php 1002)
[2015-12-24T19:15:19Z]	DBG: change temperature: perl /var/www/bin/gcdaemon/gcdaemon.pl  -r 205 -rr 195 -l 235 -ll 230 -f /tmp/_sliced_model.gcode > /tmp/_sliced_model.gcode.new	(application/helpers/printer_helper.php 1134)
[2015-12-24T19:15:20Z]	MSG: Do not need filament l	(application/helpers/printerstate_helper.php 1002)
[2015-12-24T19:25:25Z]	DBG: read percentage file when arcontrol_cli wrinting in it	(application/helpers/printerstate_helper.php 1463)
[2015-12-24T19:26:18Z]	MSG: camera already open	(application/helpers/zimapi_helper.php 963)
[2015-12-24T19:27:33Z]	MSG: call get out pause when not in pause	(application/helpers/corestatus_helper.php 751)
[2015-12-24T19:27:33Z]	MSG: not in canceling when checking cancel status	(application/helpers/printer_helper.php 796)
[2015-12-24T19:31:16Z]	DBG: change temperature: perl /var/www/bin/gcdaemon/gcdaemon.pl  -r 205 -rr 195 -l 235 -ll 230 -f /tmp/_sliced_model.gcode > /tmp/_sliced_model.gcode.new	(application/helpers/printer_helper.php 1134)
[2015-12-24T19:31:16Z]	MSG: Do not need filament l	(application/helpers/printerstate_helper.php 1002)
[2015-12-24T19:40:26Z]	DBG: read percentage file when arcontrol_cli wrinting in it	(application/helpers/printerstate_helper.php 1463)
[2015-12-24T19:48:56Z]	DBG: check in idle - checkstatusasarray	(application/helpers/printerstate_helper.php 1477)
[2015-12-24T19:48:56Z]	MSG: call get out pause when not in pause	(application/helpers/corestatus_helper.php 751)
